2015-11-24 11:41 +08:00: js-bson: Failed to load c++ bson extension, using pure JS version
2015-11-24 11:41 +08:00: js-bson: Failed to load c++ bson extension, using pure JS version
2015-11-24 11:41 +08:00: events.js:141
      throw er; // Unhandled 'error' event
      ^

Error: listen EADDRINUSE :::19000
    at Object.exports._errnoException (util.js:874:11)
    at exports._exceptionWithHostPort (util.js:897:20)
    at Server._listen2 (net.js:1234:14)
    at listen (net.js:1270:10)
    at Server.listen (net.js:1366:5)
    at EventEmitter.app.listen (/Users/terry/Documents/code/power/fedoc/node_modules/express/lib/application.js:595:24)
    at /Users/terry/Documents/code/power/fedoc/server/server.js:33:6
    at NativeConnection.<anonymous> (/Users/terry/Documents/code/power/fedoc/server/lib/db.js:24:3)
    at NativeConnection.g (events.js:260:16)
    at emitNone (events.js:67:13)
2015-11-24 11:41 +08:00: js-bson: Failed to load c++ bson extension, using pure JS version
2015-11-24 11:41 +08:00: js-bson: Failed to load c++ bson extension, using pure JS version
2015-11-24 11:41 +08:00: events.js:141
      throw er; // Unhandled 'error' event
      ^

Error: listen EADDRINUSE :::19000
    at Object.exports._errnoException (util.js:874:11)
    at exports._exceptionWithHostPort (util.js:897:20)
    at Server._listen2 (net.js:1234:14)
    at listen (net.js:1270:10)
    at Server.listen (net.js:1366:5)
    at EventEmitter.app.listen (/Users/terry/Documents/code/power/fedoc/node_modules/express/lib/application.js:595:24)
    at /Users/terry/Documents/code/power/fedoc/server/server.js:33:6
    at NativeConnection.<anonymous> (/Users/terry/Documents/code/power/fedoc/server/lib/db.js:24:3)
    at NativeConnection.g (events.js:260:16)
    at emitNone (events.js:67:13)
2015-11-24 11:41 +08:00: js-bson: Failed to load c++ bson extension, using pure JS version
2015-11-24 11:41 +08:00: js-bson: Failed to load c++ bson extension, using pure JS version
2015-11-24 11:41 +08:00: events.js:141
      throw er; // Unhandled 'error' event
      ^

Error: listen EADDRINUSE :::19000
    at Object.exports._errnoException (util.js:874:11)
    at exports._exceptionWithHostPort (util.js:897:20)
    at Server._listen2 (net.js:1234:14)
    at listen (net.js:1270:10)
    at Server.listen (net.js:1366:5)
    at EventEmitter.app.listen (/Users/terry/Documents/code/power/fedoc/node_modules/express/lib/application.js:595:24)
    at /Users/terry/Documents/code/power/fedoc/server/server.js:33:6
    at NativeConnection.<anonymous> (/Users/terry/Documents/code/power/fedoc/server/lib/db.js:24:3)
    at NativeConnection.g (events.js:260:16)
    at emitNone (events.js:67:13)
2015-11-24 11:41 +08:00: js-bson: Failed to load c++ bson extension, using pure JS version
2015-11-24 11:41 +08:00: js-bson: Failed to load c++ bson extension, using pure JS version
2015-11-24 11:41 +08:00: events.js:141
      throw er; // Unhandled 'error' event
      ^

Error: listen EADDRINUSE :::19000
    at Object.exports._errnoException (util.js:874:11)
    at exports._exceptionWithHostPort (util.js:897:20)
    at Server._listen2 (net.js:1234:14)
    at listen (net.js:1270:10)
    at Server.listen (net.js:1366:5)
    at EventEmitter.app.listen (/Users/terry/Documents/code/power/fedoc/node_modules/express/lib/application.js:595:24)
    at /Users/terry/Documents/code/power/fedoc/server/server.js:33:6
    at NativeConnection.<anonymous> (/Users/terry/Documents/code/power/fedoc/server/lib/db.js:24:3)
    at NativeConnection.g (events.js:260:16)
    at emitNone (events.js:67:13)
2015-11-24 11:41 +08:00: js-bson: Failed to load c++ bson extension, using pure JS version
2015-11-24 11:41 +08:00: js-bson: Failed to load c++ bson extension, using pure JS version
2015-11-24 11:41 +08:00: events.js:141
      throw er; // Unhandled 'error' event
      ^

Error: listen EADDRINUSE :::19000
    at Object.exports._errnoException (util.js:874:11)
    at exports._exceptionWithHostPort (util.js:897:20)
    at Server._listen2 (net.js:1234:14)
    at listen (net.js:1270:10)
    at Server.listen (net.js:1366:5)
    at EventEmitter.app.listen (/Users/terry/Documents/code/power/fedoc/node_modules/express/lib/application.js:595:24)
    at /Users/terry/Documents/code/power/fedoc/server/server.js:33:6
    at NativeConnection.<anonymous> (/Users/terry/Documents/code/power/fedoc/server/lib/db.js:24:3)
    at NativeConnection.g (events.js:260:16)
    at emitNone (events.js:67:13)
2015-11-24 11:41 +08:00: js-bson: Failed to load c++ bson extension, using pure JS version
2015-11-24 11:41 +08:00: js-bson: Failed to load c++ bson extension, using pure JS version
2015-11-24 11:41 +08:00: events.js:141
      throw er; // Unhandled 'error' event
      ^

Error: listen EADDRINUSE :::19000
    at Object.exports._errnoException (util.js:874:11)
    at exports._exceptionWithHostPort (util.js:897:20)
    at Server._listen2 (net.js:1234:14)
    at listen (net.js:1270:10)
    at Server.listen (net.js:1366:5)
    at EventEmitter.app.listen (/Users/terry/Documents/code/power/fedoc/node_modules/express/lib/application.js:595:24)
    at /Users/terry/Documents/code/power/fedoc/server/server.js:33:6
    at NativeConnection.<anonymous> (/Users/terry/Documents/code/power/fedoc/server/lib/db.js:24:3)
    at NativeConnection.g (events.js:260:16)
    at emitNone (events.js:67:13)
2015-11-24 11:41 +08:00: js-bson: Failed to load c++ bson extension, using pure JS version
2015-11-24 11:41 +08:00: js-bson: Failed to load c++ bson extension, using pure JS version
2015-11-24 11:41 +08:00: events.js:141
      throw er; // Unhandled 'error' event
      ^

Error: listen EADDRINUSE :::19000
    at Object.exports._errnoException (util.js:874:11)
    at exports._exceptionWithHostPort (util.js:897:20)
    at Server._listen2 (net.js:1234:14)
    at listen (net.js:1270:10)
    at Server.listen (net.js:1366:5)
    at EventEmitter.app.listen (/Users/terry/Documents/code/power/fedoc/node_modules/express/lib/application.js:595:24)
    at /Users/terry/Documents/code/power/fedoc/server/server.js:33:6
    at NativeConnection.<anonymous> (/Users/terry/Documents/code/power/fedoc/server/lib/db.js:24:3)
    at NativeConnection.g (events.js:260:16)
    at emitNone (events.js:67:13)
2015-11-24 11:41 +08:00: js-bson: Failed to load c++ bson extension, using pure JS version
